0 verbose cli /usr/local/bin/node /usr/local/bin/npm
1 info using npm@10.9.3
2 info using node@v22.18.0
3 silly config load:file:/usr/local/lib/node_modules/npm/npmrc
4 silly config load:file:/Users/ryankim/Desktop/authenticationWeb/auth-practice/practice-auth-repo/.npmrc
5 silly config load:file:/Users/ryankim/.npmrc
6 silly config load:file:/usr/local/etc/npmrc
7 verbose title npm install firebase
8 verbose argv "install" "firebase" "--cache" "./npm-cache" "--no-audit" "--no-fund"
9 verbose logfile logs-max:10 dir:/Users/ryankim/Desktop/authenticationWeb/auth-practice/practice-auth-repo/npm-cache/_logs/2026-01-05T17_59_53_466Z-
10 verbose logfile /Users/ryankim/Desktop/authenticationWeb/auth-practice/practice-auth-repo/npm-cache/_logs/2026-01-05T17_59_53_466Z-debug-0.log
11 silly logfile done cleaning log files
12 silly packumentCache heap:2197815296 maxSize:549453824 maxEntrySize:274726912
13 silly idealTree buildDeps
14 silly fetch manifest firebase@*
15 silly packumentCache full:https://registry.npmjs.org/firebase cache-miss
16 http fetch GET 200 https://registry.npmjs.org/npm 184ms
17 http fetch GET 200 https://registry.npmjs.org/firebase 463ms (cache miss)
18 silly packumentCache full:https://registry.npmjs.org/firebase set size:undefined disposed:false
19 silly placeDep ROOT firebase@12.7.0 OK for: auth-practice@0.0.0 want: *
20 silly fetch manifest @firebase/ai@2.6.1
21 silly packumentCache full:https://registry.npmjs.org/@firebase%2fai cache-miss
22 silly fetch manifest @firebase/app@0.14.6
23 silly packumentCache full:https://registry.npmjs.org/@firebase%2fapp cache-miss
24 silly fetch manifest @firebase/auth@1.12.0
25 silly packumentCache full:https://registry.npmjs.org/@firebase%2fauth cache-miss
26 silly fetch manifest @firebase/util@1.13.0
27 silly packumentCache full:https://registry.npmjs.org/@firebase%2futil cache-miss
28 silly fetch manifest @firebase/storage@0.14.0
29 silly packumentCache full:https://registry.npmjs.org/@firebase%2fstorage cache-miss
30 silly fetch manifest @firebase/database@1.1.0
31 silly packumentCache full:https://registry.npmjs.org/@firebase%2fdatabase cache-miss
32 silly fetch manifest @firebase/analytics@0.10.19
33 silly packumentCache full:https://registry.npmjs.org/@firebase%2fanalytics cache-miss
34 http fetch GET 200 https://registry.npmjs.org/@firebase%2fai 53ms (cache miss)
35 silly packumentCache full:https://registry.npmjs.org/@firebase%2fai set size:undefined disposed:false
36 silly fetch manifest @firebase/app-check@0.11.0
37 silly packumentCache full:https://registry.npmjs.org/@firebase%2fapp-check cache-miss
38 http fetch GET 200 https://registry.npmjs.org/@firebase%2fapp-check 205ms (cache miss)
39 silly packumentCache full:https://registry.npmjs.org/@firebase%2fapp-check set size:undefined disposed:false
40 silly fetch manifest @firebase/app-types@0.9.3
41 silly packumentCache full:https://registry.npmjs.org/@firebase%2fapp-types cache-miss
42 http fetch GET 200 https://registry.npmjs.org/@firebase%2fapp 378ms (cache miss)
43 silly packumentCache full:https://registry.npmjs.org/@firebase%2fapp set size:undefined disposed:false
44 silly fetch manifest @firebase/firestore@4.9.3
45 silly packumentCache full:https://registry.npmjs.org/@firebase%2ffirestore cache-miss
46 http fetch GET 200 https://registry.npmjs.org/@firebase%2fstorage 459ms (cache miss)
47 silly packumentCache full:https://registry.npmjs.org/@firebase%2fstorage set size:undefined disposed:false
48 silly fetch manifest @firebase/functions@0.13.1
49 silly packumentCache full:https://registry.npmjs.org/@firebase%2ffunctions cache-miss
50 http fetch GET 200 https://registry.npmjs.org/@firebase%2fanalytics 501ms (cache miss)
51 silly packumentCache full:https://registry.npmjs.org/@firebase%2fanalytics set size:undefined disposed:false
52 silly fetch manifest @firebase/messaging@0.12.23
53 silly packumentCache full:https://registry.npmjs.org/@firebase%2fmessaging cache-miss
54 http fetch GET 200 https://registry.npmjs.org/@firebase%2futil 584ms (cache miss)
55 silly packumentCache full:https://registry.npmjs.org/@firebase%2futil set size:undefined disposed:false
56 silly fetch manifest @firebase/app-compat@0.5.6
57 silly packumentCache full:https://registry.npmjs.org/@firebase%2fapp-compat cache-miss
58 http fetch GET 200 https://registry.npmjs.org/@firebase%2fauth 711ms (cache miss)
59 silly packumentCache full:https://registry.npmjs.org/@firebase%2fauth set size:undefined disposed:false
60 silly fetch manifest @firebase/auth-compat@0.6.2
61 silly packumentCache full:https://registry.npmjs.org/@firebase%2fauth-compat cache-miss
62 http fetch GET 200 https://registry.npmjs.org/@firebase%2fdatabase 770ms (cache miss)
63 silly packumentCache full:https://registry.npmjs.org/@firebase%2fdatabase set size:undefined disposed:false
64 silly fetch manifest @firebase/performance@0.7.9
65 silly packumentCache full:https://registry.npmjs.org/@firebase%2fperformance cache-miss
66 http fetch GET 200 https://registry.npmjs.org/@firebase%2fapp-types 553ms (cache miss)
67 silly packumentCache full:https://registry.npmjs.org/@firebase%2fapp-types set size:undefined disposed:false
68 silly fetch manifest @firebase/data-connect@0.3.12
69 silly packumentCache full:https://registry.npmjs.org/@firebase%2fdata-connect cache-miss
70 http fetch GET 200 https://registry.npmjs.org/@firebase%2fapp-compat 280ms (cache miss)
71 silly packumentCache full:https://registry.npmjs.org/@firebase%2fapp-compat set size:undefined disposed:false
72 silly fetch manifest @firebase/installations@0.6.19
73 silly packumentCache full:https://registry.npmjs.org/@firebase%2finstallations cache-miss
74 http fetch GET 200 https://registry.npmjs.org/@firebase%2fdata-connect 92ms (cache miss)
75 silly packumentCache full:https://registry.npmjs.org/@firebase%2fdata-connect set size:undefined disposed:false
76 silly fetch manifest @firebase/remote-config@0.7.0
77 silly packumentCache full:https://registry.npmjs.org/@firebase%2fremote-config cache-miss
78 http fetch GET 200 https://registry.npmjs.org/@firebase%2fauth-compat 218ms (cache miss)
79 silly packumentCache full:https://registry.npmjs.org/@firebase%2fauth-compat set size:undefined disposed:false
80 silly fetch manifest @firebase/storage-compat@0.4.0
81 silly packumentCache full:https://registry.npmjs.org/@firebase%2fstorage-compat cache-miss
82 http fetch GET 200 https://registry.npmjs.org/@firebase%2ffunctions 562ms (cache miss)
83 silly packumentCache full:https://registry.npmjs.org/@firebase%2ffunctions set size:undefined disposed:false
84 silly fetch manifest @firebase/database-compat@2.1.0
85 silly packumentCache full:https://registry.npmjs.org/@firebase%2fdatabase-compat cache-miss
86 http fetch GET 200 https://registry.npmjs.org/@firebase%2fmessaging 579ms (cache miss)
87 silly packumentCache full:https://registry.npmjs.org/@firebase%2fmessaging set size:undefined disposed:false
88 silly fetch manifest @firebase/analytics-compat@0.2.25
89 silly packumentCache full:https://registry.npmjs.org/@firebase%2fanalytics-compat cache-miss
90 http fetch GET 200 https://registry.npmjs.org/@firebase%2fperformance 517ms (cache miss)
91 silly packumentCache full:https://registry.npmjs.org/@firebase%2fperformance set size:undefined disposed:false
92 silly fetch manifest @firebase/app-check-compat@0.4.0
93 silly packumentCache full:https://registry.npmjs.org/@firebase%2fapp-check-compat cache-miss
94 http fetch GET 200 https://registry.npmjs.org/@firebase%2fstorage-compat 387ms (cache miss)
95 silly packumentCache full:https://registry.npmjs.org/@firebase%2fstorage-compat set size:undefined disposed:false
96 silly fetch manifest @firebase/firestore-compat@0.4.3
97 silly packumentCache full:https://registry.npmjs.org/@firebase%2ffirestore-compat cache-miss
98 http fetch GET 200 https://registry.npmjs.org/@firebase%2ffirestore 988ms (cache miss)
99 silly packumentCache full:https://registry.npmjs.org/@firebase%2ffirestore set size:undefined disposed:false
100 silly fetch manifest @firebase/functions-compat@0.4.1
101 silly packumentCache full:https://registry.npmjs.org/@firebase%2ffunctions-compat cache-miss
102 http fetch GET 200 https://registry.npmjs.org/@firebase%2fremote-config 554ms (cache miss)
103 silly packumentCache full:https://registry.npmjs.org/@firebase%2fremote-config set size:undefined disposed:false
104 silly fetch manifest @firebase/messaging-compat@0.2.23
105 silly packumentCache full:https://registry.npmjs.org/@firebase%2fmessaging-compat cache-miss
106 http fetch GET 200 https://registry.npmjs.org/@firebase%2fdatabase-compat 457ms (cache miss)
107 silly packumentCache full:https://registry.npmjs.org/@firebase%2fdatabase-compat set size:undefined disposed:false
108 silly fetch manifest @firebase/performance-compat@0.2.22
109 silly packumentCache full:https://registry.npmjs.org/@firebase%2fperformance-compat cache-miss
110 http fetch GET 200 https://registry.npmjs.org/@firebase%2finstallations 635ms (cache miss)
111 silly packumentCache full:https://registry.npmjs.org/@firebase%2finstallations set size:undefined disposed:false
112 silly fetch manifest @firebase/installations-compat@0.2.19
113 silly packumentCache full:https://registry.npmjs.org/@firebase%2finstallations-compat cache-miss
114 http fetch GET 200 https://registry.npmjs.org/@firebase%2fanalytics-compat 380ms (cache miss)
115 silly packumentCache full:https://registry.npmjs.org/@firebase%2fanalytics-compat set size:undefined disposed:false
116 silly fetch manifest @firebase/remote-config-compat@0.2.20
117 silly packumentCache full:https://registry.npmjs.org/@firebase%2fremote-config-compat cache-miss
118 http fetch GET 200 https://registry.npmjs.org/@firebase%2fapp-check-compat 344ms (cache miss)
119 silly packumentCache full:https://registry.npmjs.org/@firebase%2fapp-check-compat set size:undefined disposed:false
120 http fetch GET 200 https://registry.npmjs.org/@firebase%2fmessaging-compat 189ms (cache miss)
121 silly packumentCache full:https://registry.npmjs.org/@firebase%2fmessaging-compat set size:undefined disposed:false
122 http fetch GET 200 https://registry.npmjs.org/@firebase%2ffirestore-compat 366ms (cache miss)
123 silly packumentCache full:https://registry.npmjs.org/@firebase%2ffirestore-compat set size:undefined disposed:false
124 http fetch GET 200 https://registry.npmjs.org/@firebase%2ffunctions-compat 287ms (cache miss)
125 silly packumentCache full:https://registry.npmjs.org/@firebase%2ffunctions-compat set size:undefined disposed:false
126 http fetch GET 200 https://registry.npmjs.org/@firebase%2fperformance-compat 235ms (cache miss)
127 silly packumentCache full:https://registry.npmjs.org/@firebase%2fperformance-compat set size:undefined disposed:false
128 http fetch GET 200 https://registry.npmjs.org/@firebase%2finstallations-compat 221ms (cache miss)
129 silly packumentCache full:https://registry.npmjs.org/@firebase%2finstallations-compat set size:undefined disposed:false
130 http fetch GET 200 https://registry.npmjs.org/@firebase%2fremote-config-compat 217ms (cache miss)
131 silly packumentCache full:https://registry.npmjs.org/@firebase%2fremote-config-compat set size:undefined disposed:false
132 silly fetch manifest @react-native-async-storage/async-storage@^2.2.0
133 silly packumentCache full:https://registry.npmjs.org/@react-native-async-storage%2fasync-storage cache-miss
134 http fetch GET 200 https://registry.npmjs.org/@react-native-async-storage%2fasync-storage 72ms (cache miss)
135 silly packumentCache full:https://registry.npmjs.org/@react-native-async-storage%2fasync-storage set size:undefined disposed:false
136 silly fetch manifest react-native@^0.0.0-0 || >=0.65 <1.0
137 silly packumentCache full:https://registry.npmjs.org/react-native cache-miss
138 http fetch GET 200 https://registry.npmjs.org/react-native 168ms (cache miss)
139 silly packumentCache full:https://registry.npmjs.org/react-native set size:undefined disposed:false
140 silly fetch manifest @types/react@^19.1.1
141 silly packumentCache full:https://registry.npmjs.org/@types%2freact cache-miss
142 http fetch GET 200 https://registry.npmjs.org/@types%2freact 71ms (cache miss)
143 silly packumentCache full:https://registry.npmjs.org/@types%2freact set size:undefined disposed:false
144 silly fetch manifest react@^19.2.0
145 silly packumentCache full:https://registry.npmjs.org/react cache-miss
146 http fetch GET 200 https://registry.npmjs.org/react 132ms (cache miss)
147 silly packumentCache full:https://registry.npmjs.org/react set size:undefined disposed:false
148 silly placeDep ROOT @firebase/ai@2.6.1 OK for: firebase@12.7.0 want: 2.6.1
149 silly placeDep ROOT @firebase/app@0.14.6 OK for: @firebase/ai@2.6.1 want: 0.x
150 silly placeDep ROOT @firebase/app-types@0.9.3 OK for: @firebase/ai@2.6.1 want: 0.x
151 silly placeDep ROOT @firebase/analytics@0.10.19 OK for: firebase@12.7.0 want: 0.10.19
152 silly placeDep ROOT @firebase/analytics-compat@0.2.25 OK for: firebase@12.7.0 want: 0.2.25
153 silly placeDep ROOT @firebase/app-compat@0.5.6 OK for: @firebase/analytics-compat@0.2.25 want: 0.x
154 silly placeDep ROOT @firebase/app-check@0.11.0 OK for: firebase@12.7.0 want: 0.11.0
155 silly placeDep ROOT @firebase/app-check-compat@0.4.0 OK for: firebase@12.7.0 want: 0.4.0
156 silly placeDep ROOT @firebase/auth@1.12.0 OK for: firebase@12.7.0 want: 1.12.0
157 silly placeDep ROOT @firebase/auth-compat@0.6.2 OK for: firebase@12.7.0 want: 0.6.2
158 silly placeDep ROOT @firebase/data-connect@0.3.12 OK for: firebase@12.7.0 want: 0.3.12
159 silly placeDep ROOT @firebase/database@1.1.0 OK for: firebase@12.7.0 want: 1.1.0
160 silly placeDep ROOT @firebase/database-compat@2.1.0 OK for: firebase@12.7.0 want: 2.1.0
161 silly placeDep ROOT @firebase/firestore@4.9.3 OK for: firebase@12.7.0 want: 4.9.3
162 silly placeDep ROOT @firebase/firestore-compat@0.4.3 OK for: firebase@12.7.0 want: 0.4.3
163 silly placeDep ROOT @firebase/functions@0.13.1 OK for: firebase@12.7.0 want: 0.13.1
164 silly placeDep ROOT @firebase/functions-compat@0.4.1 OK for: firebase@12.7.0 want: 0.4.1
165 silly placeDep ROOT @firebase/installations@0.6.19 OK for: firebase@12.7.0 want: 0.6.19
166 silly placeDep ROOT @firebase/installations-compat@0.2.19 OK for: firebase@12.7.0 want: 0.2.19
167 silly placeDep ROOT @firebase/messaging@0.12.23 OK for: firebase@12.7.0 want: 0.12.23
168 silly placeDep ROOT @firebase/messaging-compat@0.2.23 OK for: firebase@12.7.0 want: 0.2.23
169 silly placeDep ROOT @firebase/performance@0.7.9 OK for: firebase@12.7.0 want: 0.7.9
170 silly placeDep ROOT @firebase/performance-compat@0.2.22 OK for: firebase@12.7.0 want: 0.2.22
171 silly placeDep ROOT @firebase/remote-config@0.7.0 OK for: firebase@12.7.0 want: 0.7.0
172 silly placeDep ROOT @firebase/remote-config-compat@0.2.20 OK for: firebase@12.7.0 want: 0.2.20
173 silly placeDep ROOT @firebase/storage@0.14.0 OK for: firebase@12.7.0 want: 0.14.0
174 silly placeDep ROOT @firebase/storage-compat@0.4.0 OK for: firebase@12.7.0 want: 0.4.0
175 silly placeDep ROOT @firebase/util@1.13.0 OK for: firebase@12.7.0 want: 1.13.0
176 silly fetch manifest tslib@^2.1.0
177 silly packumentCache full:https://registry.npmjs.org/tslib cache-miss
178 silly fetch manifest @firebase/logger@0.5.0
179 silly packumentCache full:https://registry.npmjs.org/@firebase%2flogger cache-miss
180 silly fetch manifest @firebase/component@0.7.0
181 silly packumentCache full:https://registry.npmjs.org/@firebase%2fcomponent cache-miss
182 silly fetch manifest @firebase/app-check-interop-types@0.3.3
183 silly packumentCache full:https://registry.npmjs.org/@firebase%2fapp-check-interop-types cache-miss
184 silly fetch manifest idb@7.1.1
185 silly packumentCache full:https://registry.npmjs.org/idb cache-miss
186 silly fetch manifest tslib@^2.1.0
187 silly packumentCache full:https://registry.npmjs.org/tslib cache-miss
188 silly fetch manifest @firebase/logger@0.5.0
189 silly packumentCache full:https://registry.npmjs.org/@firebase%2flogger cache-miss
190 http fetch GET 200 https://registry.npmjs.org/tslib 37ms (cache miss)
191 silly packumentCache full:https://registry.npmjs.org/tslib set size:undefined disposed:false
192 silly fetch manifest @firebase/component@0.7.0
193 silly packumentCache full:https://registry.npmjs.org/@firebase%2fcomponent cache-miss
194 http fetch GET 200 https://registry.npmjs.org/tslib 36ms (cache miss)
195 silly packumentCache full:https://registry.npmjs.org/tslib set size:undefined disposed:false
196 silly fetch manifest @firebase/logger@0.5.0
197 silly packumentCache full:https://registry.npmjs.org/@firebase%2flogger cache-miss
198 http fetch GET 200 https://registry.npmjs.org/idb 61ms (cache miss)
199 silly packumentCache full:https://registry.npmjs.org/idb set size:undefined disposed:false
200 silly fetch manifest @firebase/component@0.7.0
201 silly packumentCache full:https://registry.npmjs.org/@firebase%2fcomponent cache-miss
202 http fetch GET 200 https://registry.npmjs.org/@firebase%2fapp-check-interop-types 128ms (cache miss)
203 silly packumentCache full:https://registry.npmjs.org/@firebase%2fapp-check-interop-types set size:undefined disposed:false
204 silly fetch manifest @firebase/component@0.7.0
205 silly packumentCache full:https://registry.npmjs.org/@firebase%2fcomponent cache-miss
206 http fetch GET 200 https://registry.npmjs.org/@firebase%2fcomponent 307ms (cache miss)
207 silly packumentCache full:https://registry.npmjs.org/@firebase%2fcomponent set size:undefined disposed:false
208 silly fetch manifest @firebase/analytics-types@0.8.3
209 silly packumentCache full:https://registry.npmjs.org/@firebase%2fanalytics-types cache-miss
210 http fetch GET 200 https://registry.npmjs.org/@firebase%2fcomponent 332ms (cache miss)
211 silly packumentCache full:https://registry.npmjs.org/@firebase%2fcomponent set size:undefined disposed:false
212 silly fetch manifest @firebase/logger@0.5.0
213 silly packumentCache full:https://registry.npmjs.org/@firebase%2flogger cache-miss
214 http fetch GET 200 https://registry.npmjs.org/@firebase%2flogger 397ms (cache miss)
215 silly packumentCache full:https://registry.npmjs.org/@firebase%2flogger set size:undefined disposed:false
216 silly fetch manifest @firebase/app-check-types@0.5.3
217 silly packumentCache full:https://registry.npmjs.org/@firebase%2fapp-check-types cache-miss
218 http fetch GET 200 https://registry.npmjs.org/@firebase%2flogger 460ms (cache miss)
219 silly packumentCache full:https://registry.npmjs.org/@firebase%2flogger set size:undefined disposed:false
220 silly fetch manifest @firebase/auth-types@0.13.0
221 silly packumentCache full:https://registry.npmjs.org/@firebase%2fauth-types cache-miss
222 http fetch GET 200 https://registry.npmjs.org/@firebase%2flogger 468ms (cache miss)
223 silly packumentCache full:https://registry.npmjs.org/@firebase%2flogger set size:undefined disposed:false
224 silly fetch manifest @firebase/auth-interop-types@0.2.4
225 silly packumentCache full:https://registry.npmjs.org/@firebase%2fauth-interop-types cache-miss
226 http fetch GET 200 https://registry.npmjs.org/@firebase%2fcomponent 478ms (cache miss)
227 silly packumentCache full:https://registry.npmjs.org/@firebase%2fcomponent set size:undefined disposed:false
228 silly fetch manifest faye-websocket@0.11.4
229 silly packumentCache full:https://registry.npmjs.org/faye-websocket cache-miss
230 http fetch GET 200 https://registry.npmjs.org/@firebase%2fcomponent 447ms (cache miss)
231 silly packumentCache full:https://registry.npmjs.org/@firebase%2fcomponent set size:undefined disposed:false
232 silly fetch manifest @firebase/auth-interop-types@0.2.4
233 silly packumentCache full:https://registry.npmjs.org/@firebase%2fauth-interop-types cache-miss
234 http fetch GET 200 https://registry.npmjs.org/faye-websocket 63ms (cache miss)
235 silly packumentCache full:https://registry.npmjs.org/faye-websocket set size:undefined disposed:false
236 silly fetch manifest @firebase/database-types@1.0.16
237 silly packumentCache full:https://registry.npmjs.org/@firebase%2fdatabase-types cache-miss
238 http fetch GET 200 https://registry.npmjs.org/@firebase%2fapp-check-types 213ms (cache miss)
239 silly packumentCache full:https://registry.npmjs.org/@firebase%2fapp-check-types set size:undefined disposed:false
240 silly fetch manifest @grpc/grpc-js@~1.9.0
241 silly packumentCache full:https://registry.npmjs.org/@grpc%2fgrpc-js cache-miss
242 http fetch GET 200 https://registry.npmjs.org/@firebase%2fanalytics-types 354ms (cache miss)
243 silly packumentCache full:https://registry.npmjs.org/@firebase%2fanalytics-types set size:undefined disposed:false
244 silly fetch manifest @grpc/proto-loader@^0.7.8
245 silly packumentCache full:https://registry.npmjs.org/@grpc%2fproto-loader cache-miss
246 http fetch GET 200 https://registry.npmjs.org/@grpc%2fgrpc-js 69ms (cache miss)
247 silly packumentCache full:https://registry.npmjs.org/@grpc%2fgrpc-js set size:undefined disposed:false
248 silly fetch manifest @firebase/webchannel-wrapper@1.0.5
249 silly packumentCache full:https://registry.npmjs.org/@firebase%2fwebchannel-wrapper cache-miss
250 http fetch GET 200 https://registry.npmjs.org/@grpc%2fproto-loader 71ms (cache miss)
251 silly packumentCache full:https://registry.npmjs.org/@grpc%2fproto-loader set size:undefined disposed:false
252 silly fetch manifest @firebase/firestore-types@3.0.3
253 silly packumentCache full:https://registry.npmjs.org/@firebase%2ffirestore-types cache-miss
254 http fetch GET 200 https://registry.npmjs.org/@firebase%2fauth-interop-types 244ms (cache miss)
255 silly packumentCache full:https://registry.npmjs.org/@firebase%2fauth-interop-types set size:undefined disposed:false
256 silly fetch manifest @firebase/messaging-interop-types@0.2.3
257 silly packumentCache full:https://registry.npmjs.org/@firebase%2fmessaging-interop-types cache-miss
258 http fetch GET 200 https://registry.npmjs.org/@firebase%2fauth-types 343ms (cache miss)
259 silly packumentCache full:https://registry.npmjs.org/@firebase%2fauth-types set size:undefined disposed:false
260 silly fetch manifest @firebase/functions-types@0.6.3
261 silly packumentCache full:https://registry.npmjs.org/@firebase%2ffunctions-types cache-miss
262 http fetch GET 200 https://registry.npmjs.org/@firebase%2flogger 485ms (cache miss)
263 silly packumentCache full:https://registry.npmjs.org/@firebase%2flogger set size:undefined disposed:false
264 silly fetch manifest @firebase/installations-types@0.5.3
265 silly packumentCache full:https://registry.npmjs.org/@firebase%2finstallations-types cache-miss
266 http fetch GET 200 https://registry.npmjs.org/@firebase%2fauth-interop-types 303ms (cache miss)
267 silly packumentCache full:https://registry.npmjs.org/@firebase%2fauth-interop-types set size:undefined disposed:false
268 silly fetch manifest @firebase/messaging-interop-types@0.2.3
269 silly packumentCache full:https://registry.npmjs.org/@firebase%2fmessaging-interop-types cache-miss
270 http fetch GET 200 https://registry.npmjs.org/@firebase%2fdatabase-types 345ms (cache miss)
271 silly packumentCache full:https://registry.npmjs.org/@firebase%2fdatabase-types set size:undefined disposed:false
272 silly fetch manifest web-vitals@^4.2.4
273 silly packumentCache full:https://registry.npmjs.org/web-vitals cache-miss
274 http fetch GET 200 https://registry.npmjs.org/@firebase%2fmessaging-interop-types 219ms (cache miss)
275 silly packumentCache full:https://registry.npmjs.org/@firebase%2fmessaging-interop-types set size:undefined disposed:false
276 silly fetch manifest @firebase/performance-types@0.2.3
277 silly packumentCache full:https://registry.npmjs.org/@firebase%2fperformance-types cache-miss
278 http fetch GET 200 https://registry.npmjs.org/web-vitals 66ms (cache miss)
279 silly packumentCache full:https://registry.npmjs.org/web-vitals set size:undefined disposed:false
280 silly fetch manifest @firebase/remote-config-types@0.5.0
281 silly packumentCache full:https://registry.npmjs.org/@firebase%2fremote-config-types cache-miss
282 http fetch GET 200 https://registry.npmjs.org/@firebase%2fmessaging-interop-types 143ms (cache miss)
283 silly packumentCache full:https://registry.npmjs.org/@firebase%2fmessaging-interop-types set size:undefined disposed:false
284 silly fetch manifest @firebase/storage-types@0.8.3
285 silly packumentCache full:https://registry.npmjs.org/@firebase%2fstorage-types cache-miss
286 http fetch GET 200 https://registry.npmjs.org/@firebase%2ffirestore-types 315ms (cache miss)
287 silly packumentCache full:https://registry.npmjs.org/@firebase%2ffirestore-types set size:undefined disposed:false
288 http fetch GET 200 https://registry.npmjs.org/@firebase%2fwebchannel-wrapper 408ms (cache miss)
289 silly packumentCache full:https://registry.npmjs.org/@firebase%2fwebchannel-wrapper set size:undefined disposed:false
290 http fetch GET 200 https://registry.npmjs.org/@firebase%2ffunctions-types 356ms (cache miss)
291 silly packumentCache full:https://registry.npmjs.org/@firebase%2ffunctions-types set size:undefined disposed:false
292 http fetch GET 200 https://registry.npmjs.org/@firebase%2finstallations-types 362ms (cache miss)
293 silly packumentCache full:https://registry.npmjs.org/@firebase%2finstallations-types set size:undefined disposed:false
294 http fetch GET 200 https://registry.npmjs.org/@firebase%2fperformance-types 261ms (cache miss)
295 silly packumentCache full:https://registry.npmjs.org/@firebase%2fperformance-types set size:undefined disposed:false
296 http fetch GET 200 https://registry.npmjs.org/@firebase%2fremote-config-types 280ms (cache miss)
297 silly packumentCache full:https://registry.npmjs.org/@firebase%2fremote-config-types set size:undefined disposed:false
298 http fetch GET 200 https://registry.npmjs.org/@firebase%2fstorage-types 278ms (cache miss)
299 silly packumentCache full:https://registry.npmjs.org/@firebase%2fstorage-types set size:undefined disposed:false
300 silly placeDep ROOT @firebase/app-check-interop-types@0.3.3 OK for: @firebase/ai@2.6.1 want: 0.3.3
301 silly placeDep ROOT @firebase/component@0.7.0 OK for: @firebase/ai@2.6.1 want: 0.7.0
302 silly placeDep ROOT @firebase/logger@0.5.0 OK for: @firebase/ai@2.6.1 want: 0.5.0
303 silly placeDep ROOT tslib@2.8.1 OK for: @firebase/ai@2.6.1 want: ^2.1.0
304 silly placeDep ROOT @firebase/analytics-types@0.8.3 OK for: @firebase/analytics-compat@0.2.25 want: 0.8.3
305 silly placeDep ROOT idb@7.1.1 OK for: @firebase/app@0.14.6 want: 7.1.1
306 silly placeDep ROOT @firebase/app-check-types@0.5.3 OK for: @firebase/app-check-compat@0.4.0 want: 0.5.3
307 silly fetch manifest @firebase/app-types@0.x
308 silly packumentCache full:https://registry.npmjs.org/@firebase%2fapp-types cache-miss
309 http cache https://registry.npmjs.org/@firebase%2fapp-types 13ms (cache hit)
310 silly packumentCache full:https://registry.npmjs.org/@firebase%2fapp-types set size:8484184 disposed:false
311 silly placeDep ROOT @firebase/auth-types@0.13.0 OK for: @firebase/auth-compat@0.6.2 want: 0.13.0
312 silly placeDep ROOT @firebase/auth-interop-types@0.2.4 OK for: @firebase/data-connect@0.3.12 want: 0.2.4
313 silly placeDep ROOT faye-websocket@0.11.4 OK for: @firebase/database@1.1.0 want: 0.11.4
314 silly fetch manifest websocket-driver@>=0.5.1
315 silly packumentCache full:https://registry.npmjs.org/websocket-driver cache-miss
316 http fetch GET 200 https://registry.npmjs.org/websocket-driver 32ms (cache miss)
317 silly packumentCache full:https://registry.npmjs.org/websocket-driver set size:undefined disposed:false
318 silly placeDep ROOT @firebase/database-types@1.0.16 OK for: @firebase/database-compat@2.1.0 want: 1.0.16
319 silly placeDep ROOT @firebase/webchannel-wrapper@1.0.5 OK for: @firebase/firestore@4.9.3 want: 1.0.5
320 silly placeDep ROOT @grpc/grpc-js@1.9.15 OK for: @firebase/firestore@4.9.3 want: ~1.9.0
321 silly placeDep ROOT @grpc/proto-loader@0.7.15 OK for: @firebase/firestore@4.9.3 want: ^0.7.8
322 silly fetch manifest @types/node@>=12.12.47
323 silly packumentCache full:https://registry.npmjs.org/@types%2fnode cache-miss
324 silly fetch manifest long@^5.0.0
325 silly packumentCache full:https://registry.npmjs.org/long cache-miss
326 silly fetch manifest yargs@^17.7.2
327 silly packumentCache full:https://registry.npmjs.org/yargs cache-miss
328 silly fetch manifest protobufjs@^7.2.5
329 silly packumentCache full:https://registry.npmjs.org/protobufjs cache-miss
330 silly fetch manifest lodash.camelcase@^4.3.0
331 silly packumentCache full:https://registry.npmjs.org/lodash.camelcase cache-miss
332 http fetch GET 200 https://registry.npmjs.org/lodash.camelcase 41ms (cache miss)
333 silly packumentCache full:https://registry.npmjs.org/lodash.camelcase set size:undefined disposed:false
334 http fetch GET 200 https://registry.npmjs.org/long 42ms (cache miss)
335 silly packumentCache full:https://registry.npmjs.org/long set size:undefined disposed:false
336 http fetch GET 200 https://registry.npmjs.org/protobufjs 45ms (cache miss)
337 silly packumentCache full:https://registry.npmjs.org/protobufjs set size:undefined disposed:false
338 http fetch GET 200 https://registry.npmjs.org/yargs 54ms (cache miss)
339 silly packumentCache full:https://registry.npmjs.org/yargs set size:undefined disposed:false
340 http fetch GET 200 https://registry.npmjs.org/@types%2fnode 137ms (cache miss)
341 silly packumentCache full:https://registry.npmjs.org/@types%2fnode set size:undefined disposed:false
342 silly placeDep ROOT @firebase/firestore-types@3.0.3 OK for: @firebase/firestore-compat@0.4.3 want: 3.0.3
343 silly placeDep ROOT @firebase/messaging-interop-types@0.2.3 OK for: @firebase/functions@0.13.1 want: 0.2.3
344 silly placeDep ROOT @firebase/functions-types@0.6.3 OK for: @firebase/functions-compat@0.4.1 want: 0.6.3
345 silly placeDep ROOT @firebase/installations-types@0.5.3 OK for: @firebase/installations-compat@0.2.19 want: 0.5.3
346 silly placeDep ROOT web-vitals@4.2.4 OK for: @firebase/performance@0.7.9 want: ^4.2.4
347 silly placeDep ROOT @firebase/performance-types@0.2.3 OK for: @firebase/performance-compat@0.2.22 want: 0.2.3
348 silly placeDep ROOT @firebase/remote-config-types@0.5.0 OK for: @firebase/remote-config-compat@0.2.20 want: 0.5.0
349 silly placeDep ROOT @firebase/storage-types@0.8.3 OK for: @firebase/storage-compat@0.4.0 want: 0.8.3
350 silly placeDep ROOT @types/node@25.0.3 OK for: @grpc/grpc-js@1.9.15 want: >=12.12.47
351 silly fetch manifest undici-types@~7.16.0
352 silly packumentCache full:https://registry.npmjs.org/undici-types cache-miss
353 http fetch GET 200 https://registry.npmjs.org/undici-types 175ms (cache miss)
354 silly packumentCache full:https://registry.npmjs.org/undici-types set size:undefined disposed:false
355 silly placeDep ROOT lodash.camelcase@4.3.0 OK for: @grpc/proto-loader@0.7.15 want: ^4.3.0
356 silly placeDep ROOT long@5.3.2 OK for: @grpc/proto-loader@0.7.15 want: ^5.0.0
357 silly placeDep ROOT protobufjs@7.5.4 OK for: @grpc/proto-loader@0.7.15 want: ^7.2.5
358 silly placeDep ROOT yargs@17.7.2 OK for: @grpc/proto-loader@0.7.15 want: ^17.7.2
359 silly fetch manifest @protobufjs/path@^1.1.2
360 silly packumentCache full:https://registry.npmjs.org/@protobufjs%2fpath cache-miss
361 silly fetch manifest @protobufjs/pool@^1.1.0
362 silly packumentCache full:https://registry.npmjs.org/@protobufjs%2fpool cache-miss
363 silly fetch manifest @protobufjs/utf8@^1.1.0
364 silly packumentCache full:https://registry.npmjs.org/@protobufjs%2futf8 cache-miss
365 silly fetch manifest @protobufjs/fetch@^1.1.0
366 silly packumentCache full:https://registry.npmjs.org/@protobufjs%2ffetch cache-miss
367 silly fetch manifest @protobufjs/float@^1.0.2
368 silly packumentCache full:https://registry.npmjs.org/@protobufjs%2ffloat cache-miss
369 silly fetch manifest @protobufjs/base64@^1.1.2
370 silly packumentCache full:https://registry.npmjs.org/@protobufjs%2fbase64 cache-miss
371 silly fetch manifest @protobufjs/codegen@^2.0.4
372 silly packumentCache full:https://registry.npmjs.org/@protobufjs%2fcodegen cache-miss
373 http fetch GET 200 https://registry.npmjs.org/@protobufjs%2fpool 44ms (cache miss)
374 silly packumentCache full:https://registry.npmjs.org/@protobufjs%2fpool set size:undefined disposed:false
375 silly fetch manifest @protobufjs/inquire@^1.1.0
376 silly packumentCache full:https://registry.npmjs.org/@protobufjs%2finquire cache-miss
377 http fetch GET 200 https://registry.npmjs.org/@protobufjs%2fbase64 48ms (cache miss)
378 silly packumentCache full:https://registry.npmjs.org/@protobufjs%2fbase64 set size:undefined disposed:false
379 silly fetch manifest @protobufjs/aspromise@^1.1.2
380 silly packumentCache full:https://registry.npmjs.org/@protobufjs%2faspromise cache-miss
381 http fetch GET 200 https://registry.npmjs.org/@protobufjs%2fpath 50ms (cache miss)
382 silly packumentCache full:https://registry.npmjs.org/@protobufjs%2fpath set size:undefined disposed:false
383 silly fetch manifest @protobufjs/eventemitter@^1.1.0
384 silly packumentCache full:https://registry.npmjs.org/@protobufjs%2feventemitter cache-miss
385 http fetch GET 200 https://registry.npmjs.org/@protobufjs%2ffetch 50ms (cache miss)
386 silly packumentCache full:https://registry.npmjs.org/@protobufjs%2ffetch set size:undefined disposed:false
387 silly fetch manifest y18n@^5.0.5
388 silly packumentCache full:https://registry.npmjs.org/y18n cache-miss
389 http fetch GET 200 https://registry.npmjs.org/@protobufjs%2futf8 53ms (cache miss)
390 silly packumentCache full:https://registry.npmjs.org/@protobufjs%2futf8 set size:undefined disposed:false
391 silly fetch manifest cliui@^8.0.1
392 silly packumentCache full:https://registry.npmjs.org/cliui cache-miss
393 http fetch GET 200 https://registry.npmjs.org/@protobufjs%2ffloat 53ms (cache miss)
394 silly packumentCache full:https://registry.npmjs.org/@protobufjs%2ffloat set size:undefined disposed:false
395 silly fetch manifest string-width@^4.2.3
396 silly packumentCache full:https://registry.npmjs.org/string-width cache-miss
397 http fetch GET 200 https://registry.npmjs.org/@protobufjs%2fcodegen 73ms (cache miss)
398 silly packumentCache full:https://registry.npmjs.org/@protobufjs%2fcodegen set size:undefined disposed:false
399 silly fetch manifest yargs-parser@^21.1.1
400 silly packumentCache full:https://registry.npmjs.org/yargs-parser cache-miss
401 http fetch GET 200 https://registry.npmjs.org/y18n 33ms (cache miss)
402 silly packumentCache full:https://registry.npmjs.org/y18n set size:undefined disposed:false
403 silly fetch manifest get-caller-file@^2.0.5
404 silly packumentCache full:https://registry.npmjs.org/get-caller-file cache-miss
405 http fetch GET 200 https://registry.npmjs.org/string-width 44ms (cache miss)
406 silly packumentCache full:https://registry.npmjs.org/string-width set size:undefined disposed:false
407 silly fetch manifest require-directory@^2.1.1
408 silly packumentCache full:https://registry.npmjs.org/require-directory cache-miss
409 http fetch GET 200 https://registry.npmjs.org/@protobufjs%2faspromise 53ms (cache miss)
410 silly packumentCache full:https://registry.npmjs.org/@protobufjs%2faspromise set size:undefined disposed:false
411 http fetch GET 200 https://registry.npmjs.org/cliui 55ms (cache miss)
412 silly packumentCache full:https://registry.npmjs.org/cliui set size:undefined disposed:false
413 http fetch GET 200 https://registry.npmjs.org/@protobufjs%2finquire 70ms (cache miss)
414 silly packumentCache full:https://registry.npmjs.org/@protobufjs%2finquire set size:undefined disposed:false
415 http fetch GET 200 https://registry.npmjs.org/yargs-parser 41ms (cache miss)
416 silly packumentCache full:https://registry.npmjs.org/yargs-parser set size:undefined disposed:false
417 http fetch GET 200 https://registry.npmjs.org/@protobufjs%2feventemitter 68ms (cache miss)
418 silly packumentCache full:https://registry.npmjs.org/@protobufjs%2feventemitter set size:undefined disposed:false
419 http fetch GET 200 https://registry.npmjs.org/get-caller-file 33ms (cache miss)
420 silly packumentCache full:https://registry.npmjs.org/get-caller-file set size:undefined disposed:false
421 http fetch GET 200 https://registry.npmjs.org/require-directory 39ms (cache miss)
422 silly packumentCache full:https://registry.npmjs.org/require-directory set size:undefined disposed:false
423 silly placeDep ROOT undici-types@7.16.0 OK for: @types/node@25.0.3 want: ~7.16.0
424 silly placeDep ROOT websocket-driver@0.7.4 OK for: faye-websocket@0.11.4 want: >=0.5.1
425 silly fetch manifest http-parser-js@>=0.5.1
426 silly packumentCache full:https://registry.npmjs.org/http-parser-js cache-miss
427 silly fetch manifest safe-buffer@>=5.1.0
428 silly packumentCache full:https://registry.npmjs.org/safe-buffer cache-miss
429 silly fetch manifest websocket-extensions@>=0.1.1
430 silly packumentCache full:https://registry.npmjs.org/websocket-extensions cache-miss
431 http fetch GET 200 https://registry.npmjs.org/http-parser-js 31ms (cache miss)
432 silly packumentCache full:https://registry.npmjs.org/http-parser-js set size:undefined disposed:false
433 http fetch GET 200 https://registry.npmjs.org/safe-buffer 31ms (cache miss)
434 silly packumentCache full:https://registry.npmjs.org/safe-buffer set size:undefined disposed:false
435 http fetch GET 200 https://registry.npmjs.org/websocket-extensions 32ms (cache miss)
436 silly packumentCache full:https://registry.npmjs.org/websocket-extensions set size:undefined disposed:false
437 silly placeDep ROOT @protobufjs/aspromise@1.1.2 OK for: protobufjs@7.5.4 want: ^1.1.2
438 silly placeDep ROOT @protobufjs/base64@1.1.2 OK for: protobufjs@7.5.4 want: ^1.1.2
439 silly placeDep ROOT @protobufjs/codegen@2.0.4 OK for: protobufjs@7.5.4 want: ^2.0.4
440 silly placeDep ROOT @protobufjs/eventemitter@1.1.0 OK for: protobufjs@7.5.4 want: ^1.1.0
441 silly placeDep ROOT @protobufjs/fetch@1.1.0 OK for: protobufjs@7.5.4 want: ^1.1.0
442 silly placeDep ROOT @protobufjs/float@1.0.2 OK for: protobufjs@7.5.4 want: ^1.0.2
443 silly placeDep ROOT @protobufjs/inquire@1.1.0 OK for: protobufjs@7.5.4 want: ^1.1.0
444 silly placeDep ROOT @protobufjs/path@1.1.2 OK for: protobufjs@7.5.4 want: ^1.1.2
445 silly placeDep ROOT @protobufjs/pool@1.1.0 OK for: protobufjs@7.5.4 want: ^1.1.0
446 silly placeDep ROOT @protobufjs/utf8@1.1.0 OK for: protobufjs@7.5.4 want: ^1.1.0
447 silly placeDep ROOT http-parser-js@0.5.10 OK for: websocket-driver@0.7.4 want: >=0.5.1
448 silly placeDep ROOT safe-buffer@5.2.1 OK for: websocket-driver@0.7.4 want: >=5.1.0
449 silly placeDep ROOT websocket-extensions@0.1.4 OK for: websocket-driver@0.7.4 want: >=0.1.1
450 silly placeDep ROOT cliui@8.0.1 OK for: yargs@17.7.2 want: ^8.0.1
451 silly placeDep ROOT get-caller-file@2.0.5 OK for: yargs@17.7.2 want: ^2.0.5
452 silly placeDep ROOT require-directory@2.1.1 OK for: yargs@17.7.2 want: ^2.1.1
453 silly placeDep ROOT string-width@4.2.3 OK for: yargs@17.7.2 want: ^4.2.3
454 silly placeDep ROOT y18n@5.0.8 OK for: yargs@17.7.2 want: ^5.0.5
455 silly placeDep ROOT yargs-parser@21.1.1 OK for: yargs@17.7.2 want: ^21.1.1
456 silly fetch manifest wrap-ansi@^7.0.0
457 silly packumentCache full:https://registry.npmjs.org/wrap-ansi cache-miss
458 silly fetch manifest strip-ansi@^6.0.1
459 silly packumentCache full:https://registry.npmjs.org/strip-ansi cache-miss
460 silly fetch manifest string-width@^4.2.0
461 silly packumentCache full:https://registry.npmjs.org/string-width cache-miss
462 silly fetch manifest strip-ansi@^6.0.1
463 silly packumentCache full:https://registry.npmjs.org/strip-ansi cache-miss
464 silly fetch manifest emoji-regex@^8.0.0
465 silly packumentCache full:https://registry.npmjs.org/emoji-regex cache-miss
466 silly fetch manifest is-fullwidth-code-point@^3.0.0
467 silly packumentCache full:https://registry.npmjs.org/is-fullwidth-code-point cache-miss
468 http cache https://registry.npmjs.org/string-width 4ms (cache hit)
469 silly packumentCache full:https://registry.npmjs.org/string-width set size:64158 disposed:false
470 http fetch GET 200 https://registry.npmjs.org/wrap-ansi 29ms (cache miss)
471 silly packumentCache full:https://registry.npmjs.org/wrap-ansi set size:undefined disposed:false
472 http fetch GET 200 https://registry.npmjs.org/is-fullwidth-code-point 33ms (cache miss)
473 silly packumentCache full:https://registry.npmjs.org/is-fullwidth-code-point set size:undefined disposed:false
474 http fetch GET 200 https://registry.npmjs.org/strip-ansi 36ms (cache miss)
475 silly packumentCache full:https://registry.npmjs.org/strip-ansi set size:undefined disposed:false
476 http fetch GET 200 https://registry.npmjs.org/emoji-regex 39ms (cache miss)
477 silly packumentCache full:https://registry.npmjs.org/emoji-regex set size:undefined disposed:false
478 http fetch GET 200 https://registry.npmjs.org/strip-ansi 45ms (cache miss)
479 silly packumentCache full:https://registry.npmjs.org/strip-ansi set size:undefined disposed:false
480 silly placeDep ROOT strip-ansi@6.0.1 OK for: cliui@8.0.1 want: ^6.0.1
481 silly placeDep ROOT wrap-ansi@7.0.0 OK for: cliui@8.0.1 want: ^7.0.0
482 silly fetch manifest ansi-regex@^5.0.1
483 silly packumentCache full:https://registry.npmjs.org/ansi-regex cache-miss
484 http fetch GET 200 https://registry.npmjs.org/ansi-regex 27ms (cache miss)
485 silly packumentCache full:https://registry.npmjs.org/ansi-regex set size:undefined disposed:false
486 silly placeDep ROOT emoji-regex@8.0.0 OK for: string-width@4.2.3 want: ^8.0.0
487 silly placeDep ROOT is-fullwidth-code-point@3.0.0 OK for: string-width@4.2.3 want: ^3.0.0
488 silly placeDep ROOT ansi-regex@5.0.1 OK for: strip-ansi@6.0.1 want: ^5.0.1
489 silly reify moves {}
490 verbose stack Error: EACCES: permission denied, mkdir '/Users/ryankim/Desktop/authenticationWeb/auth-practice/practice-auth-repo/node_modules/@babel'
490 verbose stack     at async mkdir (node:internal/fs/promises:858:10)
490 verbose stack     at async /usr/local/lib/node_modules/npm/node_modules/@npmcli/arborist/lib/arborist/reify.js:624:20
490 verbose stack     at async Promise.allSettled (index 0)
490 verbose stack     at async [reifyPackages] (/usr/local/lib/node_modules/npm/node_modules/@npmcli/arborist/lib/arborist/reify.js:325:11)
490 verbose stack     at async Arborist.reify (/usr/local/lib/node_modules/npm/node_modules/@npmcli/arborist/lib/arborist/reify.js:142:5)
490 verbose stack     at async Install.exec (/usr/local/lib/node_modules/npm/lib/commands/install.js:150:5)
490 verbose stack     at async Npm.exec (/usr/local/lib/node_modules/npm/lib/npm.js:207:9)
490 verbose stack     at async module.exports (/usr/local/lib/node_modules/npm/lib/cli/entry.js:74:5)
491 error code EACCES
492 error syscall mkdir
493 error path /Users/ryankim/Desktop/authenticationWeb/auth-practice/practice-auth-repo/node_modules/@babel
494 error errno -13
495 error Error: EACCES: permission denied, mkdir '/Users/ryankim/Desktop/authenticationWeb/auth-practice/practice-auth-repo/node_modules/@babel'
495 error     at async mkdir (node:internal/fs/promises:858:10)
495 error     at async /usr/local/lib/node_modules/npm/node_modules/@npmcli/arborist/lib/arborist/reify.js:624:20
495 error     at async Promise.allSettled (index 0)
495 error     at async [reifyPackages] (/usr/local/lib/node_modules/npm/node_modules/@npmcli/arborist/lib/arborist/reify.js:325:11)
495 error     at async Arborist.reify (/usr/local/lib/node_modules/npm/node_modules/@npmcli/arborist/lib/arborist/reify.js:142:5)
495 error     at async Install.exec (/usr/local/lib/node_modules/npm/lib/commands/install.js:150:5)
495 error     at async Npm.exec (/usr/local/lib/node_modules/npm/lib/npm.js:207:9)
495 error     at async module.exports (/usr/local/lib/node_modules/npm/lib/cli/entry.js:74:5) {
495 error   errno: -13,
495 error   code: 'EACCES',
495 error   syscall: 'mkdir',
495 error   path: '/Users/ryankim/Desktop/authenticationWeb/auth-practice/practice-auth-repo/node_modules/@babel'
495 error }
496 error
496 error The operation was rejected by your operating system.
496 error It is likely you do not have the permissions to access this file as the current user
496 error
496 error If you believe this might be a permissions issue, please double-check the
496 error permissions of the file and its containing directories, or try running
496 error the command again as root/Administrator.
497 silly unfinished npm timer reify 1767635993840
498 silly unfinished npm timer reify:createSparse 1767635999028
499 verbose cwd /Users/ryankim/Desktop/authenticationWeb/auth-practice/practice-auth-repo
500 verbose os Darwin 24.6.0
501 verbose node v22.18.0
502 verbose npm  v10.9.3
503 notice
503 notice New major version of npm available! 10.9.3 -> 11.7.0
503 notice Changelog: https://github.com/npm/cli/releases/tag/v11.7.0
503 notice To update run: npm install -g npm@11.7.0
503 notice  { force: true, [Symbol(proc-log.meta)]: true }
504 verbose exit -13
505 verbose code -13
506 error A complete log of this run can be found in: /Users/ryankim/Desktop/authenticationWeb/auth-practice/practice-auth-repo/npm-cache/_logs/2026-01-05T17_59_53_466Z-debug-0.log
